android/app/build/intermediates/manifest_merge_blame_file/release/manifest-merger-blame-release-report.txt
1<?xml version="1.0" encoding="utf-8"?>
2<manifest xmlns:android="http://schemas.android.com/apk/res/android"
3    package="com.buyouyameal.chiw_express"
4    android:versionCode="1"
5    android:versionName="1.0.0" >
6
7    <uses-sdk
8        android:minSdkVersion="21"
9        android:targetSdkVersion="34" />
10
11    <uses-permission android:name="android.permission.INTERNET" />
11-->[:google_sign_in_android] AndroidManifest.xml:7:5-67
11-->[:google_sign_in_android] AndroidManifest.xml:7:22-64
12
13    <permission
13-->[androidx.core:core:1.10.1] AndroidManifest.xml:22:5-24:47
14        android:name="com.buyouyameal.chiw_express.DYNAMIC_RECEIVER_NOT_EXPORTED_PERMISSION"
14-->[androidx.core:core:1.10.1] AndroidManifest.xml:23:9-81
15        android:protectionLevel="signature" />
15-->[androidx.core:core:1.10.1] AndroidManifest.xml:24:9-44
16
17    <uses-permission android:name="com.buyouyameal.chiw_express.DYNAMIC_RECEIVER_NOT_EXPORTED_PERMISSION" />
17-->[androidx.core:core:1.10.1] AndroidManifest.xml:26:5-97
17-->[androidx.core:core:1.10.1] AndroidManifest.xml:26:22-94
18
19    <application
19-->src\main\AndroidManifest.xml:3:5-33:19
20        android:name="com.buyouyameal.chiw_express.MainApplication"
20-->src\main\AndroidManifest.xml:5:9-40
21        android:appComponentFactory="androidx.core.app.CoreComponentFactory"
21-->[androidx.core:core:1.10.1] AndroidManifest.xml:28:18-86
22        android:extractNativeLibs="true"
23        android:icon="@mipmap/ic_launcher"
23-->src\main\AndroidManifest.xml:6:9-43
24        android:label="buyouyameal" >
24-->src\main\AndroidManifest.xml:4:9-36
25        <activity
25-->src\main\AndroidManifest.xml:8:9-25:20
26            android:name="com.buyouyameal.chiw_express.MainActivity"
26-->src\main\AndroidManifest.xml:9:13-41
27            android:configChanges="orientation|keyboardHidden|keyboard|screenSize|smallestScreenSize|locale|layoutDirection|fontScale|screenLayout|density|uiMode"
27-->src\main\AndroidManifest.xml:13:13-163
28            android:exported="true"
28-->src\main\AndroidManifest.xml:10:13-36
29            android:hardwareAccelerated="true"
29-->src\main\AndroidManifest.xml:14:13-47
30            android:launchMode="singleTop"
30-->src\main\AndroidManifest.xml:11:13-43
31            android:theme="@style/LaunchTheme"
31-->src\main\AndroidManifest.xml:12:13-47
32            android:windowSoftInputMode="adjustResize" >
32-->src\main\AndroidManifest.xml:15:13-55
33            <meta-data
33-->src\main\AndroidManifest.xml:17:13-19:56
34                android:name="io.flutter.embedding.android.NormalTheme"
34-->src\main\AndroidManifest.xml:18:17-72
35                android:resource="@style/NormalTheme" />
35-->src\main\AndroidManifest.xml:19:17-54
36
37            <intent-filter>
37-->src\main\AndroidManifest.xml:21:13-24:29
38                <action android:name="android.intent.action.MAIN" />
38-->src\main\AndroidManifest.xml:22:17-68
38-->src\main\AndroidManifest.xml:22:25-66
39
40                <category android:name="android.intent.category.LAUNCHER" />
40-->src\main\AndroidManifest.xml:23:17-76
40-->src\main\AndroidManifest.xml:23:27-74
41            </intent-filter>
42        </activity>
43
44        <!--
45             Don't delete the meta-data below.
46             This is used by the Flutter tool to generate GeneratedPluginRegistrant.java
47        -->
48        <meta-data
48-->src\main\AndroidManifest.xml:29:9-31:32
49            android:name="flutterEmbedding"
49-->src\main\AndroidManifest.xml:30:13-44
50            android:value="2" />
50-->src\main\AndroidManifest.xml:31:13-30
51
52        <activity
52-->[:url_launcher_android] AndroidManifest.xml:8:9-11:74
53            android:name="io.flutter.plugins.urllauncher.WebViewActivity"
53-->[:url_launcher_android] AndroidManifest.xml:9:13-74
54            android:exported="false"
54-->[:url_launcher_android] AndroidManifest.xml:10:13-37
55            android:theme="@android:style/Theme.NoTitleBar.Fullscreen" />
55-->[:url_launcher_android] AndroidManifest.xml:11:13-71
56        <activity
56-->[com.google.android.gms:play-services-auth:21.0.0] AndroidManifest.xml:23:9-27:75
57            android:name="com.google.android.gms.auth.api.signin.internal.SignInHubActivity"
57-->[com.google.android.gms:play-services-auth:21.0.0] AndroidManifest.xml:24:13-93
58            android:excludeFromRecents="true"
58-->[com.google.android.gms:play-services-auth:21.0.0] AndroidManifest.xml:25:13-46
59            android:exported="false"
59-->[com.google.android.gms:play-services-auth:21.0.0] AndroidManifest.xml:26:13-37
60            android:theme="@android:style/Theme.Translucent.NoTitleBar" />
60-->[com.google.android.gms:play-services-auth:21.0.0] AndroidManifest.xml:27:13-72
61        <!--
62            Service handling Google Sign-In user revocation. For apps that do not integrate with
63            Google Sign-In, this service will never be started.
64        -->
65        <service
65-->[com.google.android.gms:play-services-auth:21.0.0] AndroidManifest.xml:33:9-37:51
66            android:name="com.google.android.gms.auth.api.signin.RevocationBoundService"
66-->[com.google.android.gms:play-services-auth:21.0.0] AndroidManifest.xml:34:13-89
67            android:exported="true"
67-->[com.google.android.gms:play-services-auth:21.0.0] AndroidManifest.xml:35:13-36
68            android:permission="com.google.android.gms.auth.api.signin.permission.REVOCATION_NOTIFICATION"
68-->[com.google.android.gms:play-services-auth:21.0.0] AndroidManifest.xml:36:13-107
69            android:visibleToInstantApps="true" />
69-->[com.google.android.gms:play-services-auth:21.0.0] AndroidManifest.xml:37:13-48
70
71        <activity
71-->[com.google.android.gms:play-services-base:18.0.1] AndroidManifest.xml:20:9-22:45
72            android:name="com.google.android.gms.common.api.GoogleApiActivity"
72-->[com.google.android.gms:play-services-base:18.0.1] AndroidManifest.xml:20:19-85
73            android:exported="false"
73-->[com.google.android.gms:play-services-base:18.0.1] AndroidManifest.xml:22:19-43
74            android:theme="@android:style/Theme.Translucent.NoTitleBar" />
74-->[com.google.android.gms:play-services-base:18.0.1] AndroidManifest.xml:21:19-78
75
76        <meta-data
76-->[com.google.android.gms:play-services-basement:18.2.0] AndroidManifest.xml:21:9-23:69
77            android:name="com.google.android.gms.version"
77-->[com.google.android.gms:play-services-basement:18.2.0] AndroidManifest.xml:22:13-58
78            android:value="@integer/google_play_services_version" />
78-->[com.google.android.gms:play-services-basement:18.2.0] AndroidManifest.xml:23:13-66
79
80        <uses-library
80-->[androidx.window:window:1.0.0-beta04] AndroidManifest.xml:25:9-27:40
81            android:name="androidx.window.extensions"
81-->[androidx.window:window:1.0.0-beta04] AndroidManifest.xml:26:13-54
82            android:required="false" />
82-->[androidx.window:window:1.0.0-beta04] AndroidManifest.xml:27:13-37
83        <uses-library
83-->[androidx.window:window:1.0.0-beta04] AndroidManifest.xml:28:9-30:40
84            android:name="androidx.window.sidecar"
84-->[androidx.window:window:1.0.0-beta04] AndroidManifest.xml:29:13-51
85            android:required="false" />
85-->[androidx.window:window:1.0.0-beta04] AndroidManifest.xml:30:13-37
86    </application>
87
88</manifest>